<?xml version="1.0" encoding="UTF-8"?>
<!-- Generated by org.testng.reporters.JUnitReportReporter -->
<testsuite skipped="0" hostname="Irynas-MacBook-Pro.local" name="testng.DivDoubleTest" tests="4" failures="0" timestamp="11 Aug 2019 08:35:12 GMT" time="0.001" errors="0">
  <testcase name="divDoubleTest" time="0.000" classname="testng.DivDoubleTest"/>
  <testcase name="divDoubleTest" time="0.000" classname="testng.DivDoubleTest"/>
  <testcase name="divDoubleTest" time="0.000" classname="testng.DivDoubleTest"/>
  <testcase name="divDoubleTest" time="0.001" classname="testng.DivDoubleTest"/>
</testsuite> <!-- testng.DivDoubleTest -->
