<?xml version="1.0" encoding="UTF-8"?>
<!-- Generated by org.testng.reporters.JUnitReportReporter -->
<testsuite skipped="0" hostname="Irynas-MacBook-Pro.local" name="testng.SqrtTest" tests="3" failures="0" timestamp="11 Aug 2019 08:35:12 GMT" time="0.000" errors="0">
  <testcase name="SqrtTest" time="0.000" classname="testng.SqrtTest"/>
  <testcase name="SqrtTest" time="0.000" classname="testng.SqrtTest"/>
  <testcase name="SqrtTest" time="0.000" classname="testng.SqrtTest"/>
</testsuite> <!-- testng.SqrtTest -->
